<?xml version="1.0" encoding="UTF-8"?>
<testsuite name="br.org.fundatec.filmes.FilmesApplicationTests" tests="1" skipped="0" failures="0" errors="0" timestamp="2025-03-10T23:42:18" hostname="balerion" time="0.778">
  <properties/>
  <testcase name="contextLoads()" classname="br.org.fundatec.filmes.FilmesApplicationTests" time="0.778"/>
  <system-out><![CDATA[20:42:17.738 [Test worker] INFO org.springframework.test.context.support.AnnotationConfigContextLoaderUtils -- Could not detect default configuration classes for test class [br.org.fundatec.filmes.FilmesApplicationTests]: FilmesApplicationTests does not declare any static, non-private, non-final, nested classes annotated with @Configuration.
20:42:17.812 [Test worker] INFO org.springframework.boot.test.context.SpringBootTestContextBootstrapper -- Found @SpringBootConfiguration br.org.fundatec.filmes.FilmesApplication for test class br.org.fundatec.filmes.FilmesApplicationTests

  .   ____          _            __ _ _
 /\\ / ___'_ __ _ _(_)_ __  __ _ \ \ \ \
( ( )\___ | '_ | '_| | '_ \/ _` | \ \ \ \
 \\/  ___)| |_)| | | | | || (_| |  ) ) ) )
  '  |____| .__|_| |_|_| |_\__, | / / / /
 =========|_|==============|___/=/_/_/_/

 :: Spring Boot ::                (v3.4.3)

2025-03-10T20:42:18.102-03:00  INFO 14040 --- [filmes] [    Test worker] b.o.f.filmes.FilmesApplicationTests      : Starting FilmesApplicationTests using Java 17.0.14 with PID 14040 (started by mateus in /home/mateus/desenv/workspaces/fundatec/lp2/2025-1/aula-thymeleaf/filmes)
2025-03-10T20:42:18.104-03:00  INFO 14040 --- [filmes] [    Test worker] b.o.f.filmes.FilmesApplicationTests      : No active profile set, falling back to 1 default profile: "default"
2025-03-10T20:42:18.943-03:00  INFO 14040 --- [filmes] [    Test worker] b.o.f.filmes.FilmesApplicationTests      : Started FilmesApplicationTests in 1.031 seconds (process running for 1.792)
]]></system-out>
  <system-err><![CDATA[]]></system-err>
</testsuite>
